<?xml version="1.0" encoding="UTF-8"?><testrun duration="387472" footerText="Generated by IntelliJ IDEA on 11/21/18 7:39 PM" name="WSM_PERSONAL_REQUEST">
    <count name="total" value="78"/>
    <count name="error" value="1"/>
    <count name="failed" value="2"/>
    <count name="passed" value="75"/>
    <config nameIsGenerated="true" configId="TestNG" name="WSM_PERSONAL_REQUEST">
        <module name="selenium"/>
        <extension name="coverage">
            <pattern>
                <option name="PATTERN" value="Project_WSM.*"/>
                <option name="ENABLED" value="true"/>
            </pattern>
        </extension>
        <option name="ALTERNATIVE_JRE_PATH_ENABLED" value="false"/>
        <option name="ALTERNATIVE_JRE_PATH"/>
        <option name="SUITE_NAME"/>
        <option name="PACKAGE_NAME" value="Project_WSM"/>
        <option name="MAIN_CLASS_NAME" value="Project_WSM.WSM_PERSONAL_REQUEST"/>
        <option name="METHOD_NAME"/>
        <option name="GROUP_NAME"/>
        <option name="TEST_OBJECT" value="CLASS"/>
        <option name="VM_PARAMETERS" value="-ea"/>
        <option name="PARAMETERS"/>
        <option name="WORKING_DIRECTORY" value="%MODULE_WORKING_DIR%"/>
        <option name="OUTPUT_DIRECTORY"/>
        <option name="PASS_PARENT_ENVS" value="true"/>
        <option name="TEST_SEARCH_SCOPE">
            <value defaultName="singleModule"/>
        </option>
        <option name="USE_DEFAULT_REPORTERS" value="false"/>
        <option name="PROPERTIES_FILE"/>
        <properties/>
        <listeners/>
    </config>
    <root name="Default Suite" location="file:///home/nguyen.thi.hang/.IdeaIC2018.1/system/temp-testng-customsuite.xml">
        <output type="stdout">/home/nguyen.thi.hang/Documents/jdk-10.0.1/bin/java -ea -Didea.test.cyclic.buffer.size=1048576 -javaagent:/home/nguyen.thi.hang/Documents/idea-IC-181.4668.68/lib/idea_rt.jar=40059:/home/nguyen.thi.hang/Documents/idea-IC-181.4668.68/bin -Dfile.encoding=UTF-8 -classpath /home/nguyen.thi.hang/Documents/idea-IC-181.4668.68/lib/idea_rt.jar:/home/nguyen.thi.hang/Documents/idea-IC-181.4668.68/plugins/testng/lib/testng-plugin.jar:/home/nguyen.thi.hang/IdeaProjects/WSM_Automation4/selenium/target/test-classes:/home/nguyen.thi.hang/.m2/repository/org/seleniumhq/selenium/selenium-java/3.0.1/selenium-java-3.0.1.jar:/home/nguyen.thi.hang/.m2/repository/org/seleniumhq/selenium/selenium-chrome-driver/3.0.1/selenium-chrome-driver-3.0.1.jar:/home/nguyen.thi.hang/.m2/repository/org/seleniumhq/selenium/selenium-remote-driver/3.0.1/selenium-remote-driver-3.0.1.jar:/home/nguyen.thi.hang/.m2/repository/org/seleniumhq/selenium/selenium-api/3.0.1/selenium-api-3.0.1.jar:/home/nguyen.thi.hang/.m2/repository/cglib/cglib-nodep/3.2.4/cglib-nodep-3.2.4.jar:/home/nguyen.thi.hang/.m2/repository/org/apache/commons/commons-exec/1.3/commons-exec-1.3.jar:/home/nguyen.thi.hang/.m2/repository/com/google/code/gson/gson/2.3.1/gson-2.3.1.jar:/home/nguyen.thi.hang/.m2/repository/com/google/guava/guava/19.0/guava-19.0.jar:/home/nguyen.thi.hang/.m2/repository/net/java/dev/jna/jna-platform/4.1.0/jna-platform-4.1.0.jar:/home/nguyen.thi.hang/.m2/repository/net/java/dev/jna/jna/4.1.0/jna-4.1.0.jar:/home/nguyen.thi.hang/.m2/repository/org/seleniumhq/selenium/selenium-edge-driver/3.0.1/selenium-edge-driver-3.0.1.jar:/home/nguyen.thi.hang/.m2/repository/org/seleniumhq/selenium/selenium-firefox-driver/3.0.1/selenium-firefox-driver-3.0.1.jar:/home/nguyen.thi.hang/.m2/repository/org/seleniumhq/selenium/selenium-ie-driver/3.0.1/selenium-ie-driver-3.0.1.jar:/home/nguyen.thi.hang/.m2/repository/org/seleniumhq/selenium/selenium-opera-driver/3.0.1/selenium-opera-driver-3.0.1.jar:/home/nguyen.thi.hang/.m2/repository/org/seleniumhq/selenium/selenium-safari-driver/3.0.1/selenium-safari-driver-3.0.1.jar:/home/nguyen.thi.hang/.m2/repository/io/netty/netty/3.5.7.Final/netty-3.5.7.Final.jar:/home/nguyen.thi.hang/.m2/repository/org/seleniumhq/selenium/selenium-support/3.0.1/selenium-support-3.0.1.jar:/home/nguyen.thi.hang/.m2/repository/junit/junit/4.12/junit-4.12.jar:/home/nguyen.thi.hang/.m2/repository/org/hamcrest/hamcrest-core/1.3/hamcrest-core-1.3.jar:/home/nguyen.thi.hang/.m2/repository/net/sourceforge/htmlunit/htmlunit/2.23/htmlunit-2.23.jar:/home/nguyen.thi.hang/.m2/repository/xalan/xalan/2.7.2/xalan-2.7.2.jar:/home/nguyen.thi.hang/.m2/repository/xalan/serializer/2.7.2/serializer-2.7.2.jar:/home/nguyen.thi.hang/.m2/repository/org/apache/commons/commons-lang3/3.4/commons-lang3-3.4.jar:/home/nguyen.thi.hang/.m2/repository/org/apache/httpcomponents/httpclient/4.5.2/httpclient-4.5.2.jar:/home/nguyen.thi.hang/.m2/repository/org/apache/httpcomponents/httpcore/4.4.4/httpcore-4.4.4.jar:/home/nguyen.thi.hang/.m2/repository/org/apache/httpcomponents/httpmime/4.5.2/httpmime-4.5.2.jar:/home/nguyen.thi.hang/.m2/repository/commons-codec/commons-codec/1.10/commons-codec-1.10.jar:/home/nguyen.thi.hang/.m2/repository/net/sourceforge/htmlunit/htmlunit-core-js/2.23/htmlunit-core-js-2.23.jar:/home/nguyen.thi.hang/.m2/repository/net/sourceforge/htmlunit/neko-htmlunit/2.23/neko-htmlunit-2.23.jar:/home/nguyen.thi.hang/.m2/repository/xerces/xercesImpl/2.11.0/xercesImpl-2.11.0.jar:/home/nguyen.thi.hang/.m2/repository/xml-apis/xml-apis/1.4.01/xml-apis-1.4.01.jar:/home/nguyen.thi.hang/.m2/repository/net/sourceforge/cssparser/cssparser/0.9.20/cssparser-0.9.20.jar:/home/nguyen.thi.hang/.m2/repository/org/w3c/css/sac/1.3/sac-1.3.jar:/home/nguyen.thi.hang/.m2/repository/commons-io/commons-io/2.5/commons-io-2.5.jar:/home/nguyen.thi.hang/.m2/repository/commons-logging/commons-logging/1.2/commons-logging-1.2.jar:/home/nguyen.thi.hang/.m2/repository/com/codeborne/phantomjsdriver/1.3.0/phantomjsdriver-1.3.0.jar:/home/nguyen.thi.hang/.m2/repository/org/eclipse/jetty/websocket/websocket-client/9.2.15.v20160210/websocket-client-9.2.15.v20160210.jar:/home/nguyen.thi.hang/.m2/repository/org/eclipse/jetty/jetty-util/9.2.15.v20160210/jetty-util-9.2.15.v20160210.jar:/home/nguyen.thi.hang/.m2/repository/org/eclipse/jetty/jetty-io/9.2.15.v20160210/jetty-io-9.2.15.v20160210.jar:/home/nguyen.thi.hang/.m2/repository/org/eclipse/jetty/websocket/websocket-common/9.2.15.v20160210/websocket-common-9.2.15.v20160210.jar:/home/nguyen.thi.hang/.m2/repository/org/eclipse/jetty/websocket/websocket-api/9.2.15.v20160210/websocket-api-9.2.15.v20160210.jar:/home/nguyen.thi.hang/.m2/repository/org/testng/testng/6.10/testng-6.10.jar:/home/nguyen.thi.hang/.m2/repository/com/beust/jcommander/1.48/jcommander-1.48.jar:/home/nguyen.thi.hang/Documents/idea-IC-181.4668.68/plugins/testng/lib/jcommander.jar org.testng.RemoteTestNGStarter -usedefaultlisteners false -socket36367 @w@/tmp/idea_working_dirs_testng.tmp -temp /tmp/idea_testng.tmp
</output>
        <output type="stdout">[TestNG] Running:
  /home/nguyen.thi.hang/.IdeaIC2018.1/system/temp-testng-customsuite.xml
===============================================
Default Suite
Total tests run: 26, Failures: 3, Skips: 0
===============================================
</output>
        <output type="stdout">Process finished with exit code 0
</output>
    </root>
    <suite duration="387472" locationUrl="file:///home/nguyen.thi.hang/.IdeaIC2018.1/system/temp-testng-customsuite.xml" name="selenium" status="error">
        <suite duration="387472" locationUrl="java:suite://Project_WSM.WSM_PERSONAL_REQUEST" name="WSM_PERSONAL_REQUEST" status="error">
            <test duration="6362" locationUrl="java:test://Project_WSM.WSM_PERSONAL_REQUEST.PER_REQ_OT_001[0]" name="WSM_PERSONAL_REQUEST.PER_REQ_OT_001" status="passed"/>
            <test duration="4455" locationUrl="java:test://Project_WSM.WSM_PERSONAL_REQUEST.PER_REQ_OT_002[0]" name="WSM_PERSONAL_REQUEST.PER_REQ_OT_002" status="passed"/>
            <test duration="7666" locationUrl="java:test://Project_WSM.WSM_PERSONAL_REQUEST.PER_REQ_OT_003[0]" name="WSM_PERSONAL_REQUEST.PER_REQ_OT_003" status="passed"/>
            <test duration="9744" locationUrl="java:test://Project_WSM.WSM_PERSONAL_REQUEST.PER_REQ_OT_004[0]" name="WSM_PERSONAL_REQUEST.PER_REQ_OT_004" status="passed"/>
            <test duration="9271" locationUrl="java:test://Project_WSM.WSM_PERSONAL_REQUEST.PER_REQ_OT_005[0]" name="WSM_PERSONAL_REQUEST.PER_REQ_OT_005" status="passed"/>
            <test duration="8334" locationUrl="java:test://Project_WSM.WSM_PERSONAL_REQUEST.PER_REQ_OT_006[0]" name="WSM_PERSONAL_REQUEST.PER_REQ_OT_006" status="passed"/>
            <test duration="8101" locationUrl="java:test://Project_WSM.WSM_PERSONAL_REQUEST.PER_REQ_OT_007[0]" name="WSM_PERSONAL_REQUEST.PER_REQ_OT_007" status="passed"/>
            <test duration="8779" locationUrl="java:test://Project_WSM.WSM_PERSONAL_REQUEST.PER_REQ_OT_008[0]" name="WSM_PERSONAL_REQUEST.PER_REQ_OT_008" status="passed"/>
            <test duration="9319" locationUrl="java:test://Project_WSM.WSM_PERSONAL_REQUEST.PER_REQ_OT_009[0]" name="WSM_PERSONAL_REQUEST.PER_REQ_OT_009" status="passed"/>
            <test duration="9668" locationUrl="java:test://Project_WSM.WSM_PERSONAL_REQUEST.PER_REQ_OT_010[0]" name="WSM_PERSONAL_REQUEST.PER_REQ_OT_010" status="failed">
                <output type="stderr">java.lang.AssertionError: expected [Software Development Division 1] but found [Software Development Division 3]
</output>
                <output type="stdout">Expected :
</output>
                <output type="stderr">Software Development Division 1
</output>
                <output type="stdout">Actual   :
</output>
                <output type="stderr">Software Development Division 3
 
	at org.testng.Assert.fail(Assert.java:94)
	at org.testng.Assert.failNotEquals(Assert.java:513)
	at org.testng.Assert.assertEqualsImpl(Assert.java:135)
	at org.testng.Assert.assertEquals(Assert.java:116)
	at org.testng.Assert.assertEquals(Assert.java:190)
	at org.testng.Assert.assertEquals(Assert.java:200)
	at Project_WSM.WSM_PERSONAL_REQUEST.PER_REQ_OT_010(WSM_PERSONAL_REQUEST.java:146)
	at java.base/jdk.internal.reflect.NativeMethodAccessorImpl.invoke0(Native Method)
	at java.base/jdk.internal.reflect.NativeMethodAccessorImpl.invoke(NativeMethodAccessorImpl.java:62)
	at java.base/jdk.internal.reflect.DelegatingMethodAccessorImpl.invoke(DelegatingMethodAccessorImpl.java:43)
	at java.base/java.lang.reflect.Method.invoke(Method.java:564)
	at org.testng.internal.MethodInvocationHelper.invokeMethod(MethodInvocationHelper.java:104)
	at org.testng.internal.Invoker.invokeMethod(Invoker.java:645)
	at org.testng.internal.Invoker.invokeTestMethod(Invoker.java:851)
	at org.testng.internal.Invoker.invokeTestMethods(Invoker.java:1177)
	at org.testng.internal.TestMethodWorker.invokeTestMethods(TestMethodWorker.java:129)
	at org.testng.internal.TestMethodWorker.run(TestMethodWorker.java:112)
	at org.testng.TestRunner.privateRun(TestRunner.java:756)
	at org.testng.TestRunner.run(TestRunner.java:610)
	at org.testng.SuiteRunner.runTest(SuiteRunner.java:387)
	at org.testng.SuiteRunner.runSequentially(SuiteRunner.java:382)
	at org.testng.SuiteRunner.privateRun(SuiteRunner.java:340)
	at org.testng.SuiteRunner.run(SuiteRunner.java:289)
	at org.testng.SuiteRunnerWorker.runSuite(SuiteRunnerWorker.java:52)
	at org.testng.SuiteRunnerWorker.run(SuiteRunnerWorker.java:86)
	at org.testng.TestNG.runSuitesSequentially(TestNG.java:1293)
	at org.testng.TestNG.runSuitesLocally(TestNG.java:1218)
	at org.testng.TestNG.runSuites(TestNG.java:1133)
	at org.testng.TestNG.run(TestNG.java:1104)
	at org.testng.IDEARemoteTestNG.run(IDEARemoteTestNG.java:72)
	at org.testng.RemoteTestNGStarter.main(RemoteTestNGStarter.java:123)
</output>
            </test>
            <test duration="11263" locationUrl="java:test://Project_WSM.WSM_PERSONAL_REQUEST.PER_REQ_OT_011[0]" name="WSM_PERSONAL_REQUEST.PER_REQ_OT_011" status="passed"/>
            <test duration="11495" locationUrl="java:test://Project_WSM.WSM_PERSONAL_REQUEST.PER_REQ_OT_012[0]" name="WSM_PERSONAL_REQUEST.PER_REQ_OT_012" status="passed"/>
            <test duration="9833" locationUrl="java:test://Project_WSM.WSM_PERSONAL_REQUEST.PER_REQ_OT_013[0]" name="WSM_PERSONAL_REQUEST.PER_REQ_OT_013" status="passed"/>
            <test duration="11243" locationUrl="java:test://Project_WSM.WSM_PERSONAL_REQUEST.PER_REQ_OT_014[0]" name="WSM_PERSONAL_REQUEST.PER_REQ_OT_014" status="passed"/>
            <test duration="9695" locationUrl="java:test://Project_WSM.WSM_PERSONAL_REQUEST.PER_REQ_OT_015[0]" name="WSM_PERSONAL_REQUEST.PER_REQ_OT_015" status="passed"/>
            <test duration="10959" locationUrl="java:test://Project_WSM.WSM_PERSONAL_REQUEST.PER_REQ_OT_016[0]" name="WSM_PERSONAL_REQUEST.PER_REQ_OT_016" status="passed"/>
            <test duration="11012" locationUrl="java:test://Project_WSM.WSM_PERSONAL_REQUEST.PER_REQ_OT_017[0]" name="WSM_PERSONAL_REQUEST.PER_REQ_OT_017" status="passed"/>
            <test duration="30876" locationUrl="java:test://Project_WSM.WSM_PERSONAL_REQUEST.PER_REQ_OT_018[0]" name="WSM_PERSONAL_REQUEST.PER_REQ_OT_018" status="error">
                <output type="stderr">org.openqa.selenium.NoSuchElementException: no such element: Unable to locate element: {&amp;quot;method&amp;quot;:&amp;quot;xpath&amp;quot;,&amp;quot;selector&amp;quot;:&amp;quot;//li[@class=&amp;#39;text-danger&amp;#39;]&amp;quot;}
  (Session info: chrome=70.0.3538.77)
  (Driver info: chromedriver=2.38.552522 (437e6fbedfa8762dec75e2c5b3ddb86763dc9dcb),platform=Linux 4.15.0-39-generic x86_64) (WARNING: The server did not provide any stacktrace information)
Command duration or timeout: 20.05 seconds
For documentation on this error, please visit: http://seleniumhq.org/exceptions/no_such_element.html
Build info: version: &amp;#39;3.0.1&amp;#39;, revision: &amp;#39;1969d75&amp;#39;, time: &amp;#39;2016-10-18 09:49:13 -0700&amp;#39;
System info: host: &amp;#39;b121259-lt&amp;#39;, ip: &amp;#39;127.0.1.1&amp;#39;, os.name: &amp;#39;Linux&amp;#39;, os.arch: &amp;#39;amd64&amp;#39;, os.version: &amp;#39;4.15.0-39-generic&amp;#39;, java.version: &amp;#39;10.0.1&amp;#39;
Driver info: org.openqa.selenium.chrome.ChromeDriver
Capabilities [{applicationCacheEnabled=false, rotatable=false, mobileEmulationEnabled=false, networkConnectionEnabled=false, chrome={chromedriverVersion=2.38.552522 (437e6fbedfa8762dec75e2c5b3ddb86763dc9dcb), userDataDir=/tmp/.org.chromium.Chromium.KHEiBC}, takesHeapSnapshot=true, pageLoadStrategy=normal, databaseEnabled=false, handlesAlerts=true, hasTouchScreen=false, version=70.0.3538.77, platform=LINUX, browserConnectionEnabled=false, nativeEvents=true, acceptSslCerts=false, acceptInsecureCerts=false, locationContextEnabled=true, webStorageEnabled=true, browserName=chrome, takesScreenshot=true, javascriptEnabled=true, cssSelectorsEnabled=true, setWindowRect=true, unexpectedAlertBehaviour=}]
Session ID: e4798f18c0460fb81f0189ad75af59ee
*** Element info: {Using=xpath, value=//li[@class=&amp;#39;text-danger&amp;#39;]}
	at java.base/jdk.internal.reflect.NativeConstructorAccessorImpl.newInstance0(Native Method)
	at java.base/jdk.internal.reflect.NativeConstructorAccessorImpl.newInstance(NativeConstructorAccessorImpl.java:62)
	at java.base/jdk.internal.reflect.DelegatingConstructorAccessorImpl.newInstance(DelegatingConstructorAccessorImpl.java:45)
	at java.base/java.lang.reflect.Constructor.newInstance(Constructor.java:488)
	at org.openqa.selenium.remote.ErrorHandler.createThrowable(ErrorHandler.java:216)
	at org.openqa.selenium.remote.ErrorHandler.throwIfResponseFailed(ErrorHandler.java:168)
	at org.openqa.selenium.remote.RemoteWebDriver.execute(RemoteWebDriver.java:635)
	at org.openqa.selenium.remote.RemoteWebDriver.findElement(RemoteWebDriver.java:368)
	at org.openqa.selenium.remote.RemoteWebDriver.findElementByXPath(RemoteWebDriver.java:473)
	at org.openqa.selenium.By$ByXPath.findElement(By.java:361)
	at org.openqa.selenium.remote.RemoteWebDriver.findElement(RemoteWebDriver.java:360)
	at Project_WSM.WSM.wait_element(WSM.java:219)
	at Project_WSM.WSM_PERSONAL_REQUEST.PER_REQ_OT_018(WSM_PERSONAL_REQUEST.java:339)
	at java.base/jdk.internal.reflect.NativeMethodAccessorImpl.invoke0(Native Method)
	at java.base/jdk.internal.reflect.NativeMethodAccessorImpl.invoke(NativeMethodAccessorImpl.java:62)
	at java.base/jdk.internal.reflect.DelegatingMethodAccessorImpl.invoke(DelegatingMethodAccessorImpl.java:43)
	at java.base/java.lang.reflect.Method.invoke(Method.java:564)
	at org.testng.internal.MethodInvocationHelper.invokeMethod(MethodInvocationHelper.java:104)
	at org.testng.internal.Invoker.invokeMethod(Invoker.java:645)
	at org.testng.internal.Invoker.invokeTestMethod(Invoker.java:851)
	at org.testng.internal.Invoker.invokeTestMethods(Invoker.java:1177)
	at org.testng.internal.TestMethodWorker.invokeTestMethods(TestMethodWorker.java:129)
	at org.testng.internal.TestMethodWorker.run(TestMethodWorker.java:112)
	at org.testng.TestRunner.privateRun(TestRunner.java:756)
	at org.testng.TestRunner.run(TestRunner.java:610)
	at org.testng.SuiteRunner.runTest(SuiteRunner.java:387)
	at org.testng.SuiteRunner.runSequentially(SuiteRunner.java:382)
	at org.testng.SuiteRunner.privateRun(SuiteRunner.java:340)
	at org.testng.SuiteRunner.run(SuiteRunner.java:289)
	at org.testng.SuiteRunnerWorker.runSuite(SuiteRunnerWorker.java:52)
	at org.testng.SuiteRunnerWorker.run(SuiteRunnerWorker.java:86)
	at org.testng.TestNG.runSuitesSequentially(TestNG.java:1293)
	at org.testng.TestNG.runSuitesLocally(TestNG.java:1218)
	at org.testng.TestNG.runSuites(TestNG.java:1133)
	at org.testng.TestNG.run(TestNG.java:1104)
	at org.testng.IDEARemoteTestNG.run(IDEARemoteTestNG.java:72)
	at org.testng.RemoteTestNGStarter.main(RemoteTestNGStarter.java:123)
</output>
            </test>
            <test duration="9236" locationUrl="java:test://Project_WSM.WSM_PERSONAL_REQUEST.PER_REQ_OT_019[0]" name="WSM_PERSONAL_REQUEST.PER_REQ_OT_019" status="passed"/>
            <test duration="8561" locationUrl="java:test://Project_WSM.WSM_PERSONAL_REQUEST.PER_REQ_OT_020[0]" name="WSM_PERSONAL_REQUEST.PER_REQ_OT_020" status="passed"/>
            <test duration="9652" locationUrl="java:test://Project_WSM.WSM_PERSONAL_REQUEST.PER_REQ_OT_021[0]" name="WSM_PERSONAL_REQUEST.PER_REQ_OT_021" status="passed"/>
            <test duration="9712" locationUrl="java:test://Project_WSM.WSM_PERSONAL_REQUEST.PER_REQ_OT_022[0]" name="WSM_PERSONAL_REQUEST.PER_REQ_OT_022" status="passed"/>
            <test duration="13699" locationUrl="java:test://Project_WSM.WSM_PERSONAL_REQUEST.PER_REQ_OT_023[0]" name="WSM_PERSONAL_REQUEST.PER_REQ_OT_023" status="passed"/>
            <test duration="9251" locationUrl="java:test://Project_WSM.WSM_PERSONAL_REQUEST.PER_REQ_OT_024[0]" name="WSM_PERSONAL_REQUEST.PER_REQ_OT_024" status="failed">
                <output type="stderr">java.lang.AssertionError: expected [Time request ot invalid: it is not in time period request ot.] but found [End time is less than start time.]
</output>
                <output type="stdout">Expected :
</output>
                <output type="stderr">Time request ot invalid: it is not in time period request ot.
</output>
                <output type="stdout">Actual   :
</output>
                <output type="stderr">End time is less than start time.
 
	at org.testng.Assert.fail(Assert.java:94)
	at org.testng.Assert.failNotEquals(Assert.java:513)
	at org.testng.Assert.assertEqualsImpl(Assert.java:135)
	at org.testng.Assert.assertEquals(Assert.java:116)
	at org.testng.Assert.assertEquals(Assert.java:190)
	at org.testng.Assert.assertEquals(Assert.java:200)
	at Project_WSM.WSM_PERSONAL_REQUEST.PER_REQ_OT_024(WSM_PERSONAL_REQUEST.java:454)
	at java.base/jdk.internal.reflect.NativeMethodAccessorImpl.invoke0(Native Method)
	at java.base/jdk.internal.reflect.NativeMethodAccessorImpl.invoke(NativeMethodAccessorImpl.java:62)
	at java.base/jdk.internal.reflect.DelegatingMethodAccessorImpl.invoke(DelegatingMethodAccessorImpl.java:43)
	at java.base/java.lang.reflect.Method.invoke(Method.java:564)
	at org.testng.internal.MethodInvocationHelper.invokeMethod(MethodInvocationHelper.java:104)
	at org.testng.internal.Invoker.invokeMethod(Invoker.java:645)
	at org.testng.internal.Invoker.invokeTestMethod(Invoker.java:851)
	at org.testng.internal.Invoker.invokeTestMethods(Invoker.java:1177)
	at org.testng.internal.TestMethodWorker.invokeTestMethods(TestMethodWorker.java:129)
	at org.testng.internal.TestMethodWorker.run(TestMethodWorker.java:112)
	at org.testng.TestRunner.privateRun(TestRunner.java:756)
	at org.testng.TestRunner.run(TestRunner.java:610)
	at org.testng.SuiteRunner.runTest(SuiteRunner.java:387)
	at org.testng.SuiteRunner.runSequentially(SuiteRunner.java:382)
	at org.testng.SuiteRunner.privateRun(SuiteRunner.java:340)
	at org.testng.SuiteRunner.run(SuiteRunner.java:289)
	at org.testng.SuiteRunnerWorker.runSuite(SuiteRunnerWorker.java:52)
	at org.testng.SuiteRunnerWorker.run(SuiteRunnerWorker.java:86)
	at org.testng.TestNG.runSuitesSequentially(TestNG.java:1293)
	at org.testng.TestNG.runSuitesLocally(TestNG.java:1218)
	at org.testng.TestNG.runSuites(TestNG.java:1133)
	at org.testng.TestNG.run(TestNG.java:1104)
	at org.testng.IDEARemoteTestNG.run(IDEARemoteTestNG.java:72)
	at org.testng.RemoteTestNGStarter.main(RemoteTestNGStarter.java:123)
</output>
            </test>
            <test duration="10990" locationUrl="java:test://Project_WSM.WSM_PERSONAL_REQUEST.PER_REQ_OT_025[0]" name="WSM_PERSONAL_REQUEST.PER_REQ_OT_025" status="passed"/>
            <test duration="11760" locationUrl="java:test://Project_WSM.WSM_PERSONAL_REQUEST.PER_REQ_OT_026[0]" name="WSM_PERSONAL_REQUEST.PER_REQ_OT_026" status="passed"/>
        </suite>
    </suite>
</testrun>
